app/manifest-merger-release-report.txt
-- Merging decision tree log ---
manifest
ADDED from AndroidManifest.xml:2:1
	xmlns:android
		ADDED from AndroidManifest.xml:2:11
	package
		ADDED from AndroidManifest.xml:3:5
		INJECTED from AndroidManifest.xml:0:0
		INJECTED from AndroidManifest.xml:0:0
	android:versionName
		ADDED from AndroidManifest.xml:5:5
	android:versionCode
		ADDED from AndroidManifest.xml:4:5
		INJECTED from AndroidManifest.xml:0:0
		INJECTED from AndroidManifest.xml:0:0
uses-sdk
ADDED from AndroidManifest.xml:7:5
	android:targetSdkVersion
		ADDED from AndroidManifest.xml:9:9
		INJECTED from AndroidManifest.xml:0:0
		INJECTED from AndroidManifest.xml:0:0
	android:minSdkVersion
		ADDED from AndroidManifest.xml:8:9
		INJECTED from AndroidManifest.xml:0:0
		INJECTED from AndroidManifest.xml:0:0
uses-feature#android.hardware.usb.host
ADDED from AndroidManifest.xml:10:2
	android:name
		ADDED from AndroidManifest.xml:10:16
uses-permission#org.commcare.dalvik.provider.cases.read
ADDED from AndroidManifest.xml:11:2
	android:name
		ADDED from AndroidManifest.xml:12:7
uses-permission#android.permission.RECEIVE_BOOT_COMPLETED
ADDED from AndroidManifest.xml:13:2
	android:name
		ADDED from AndroidManifest.xml:14:7
uses-permission#android.permission.KILL_BACKGROUND_PROCESSES
ADDED from AndroidManifest.xml:15:2
	android:name
		ADDED from AndroidManifest.xml:16:7
uses-permission#android.permission.USB_PERMISSION
ADDED from AndroidManifest.xml:17:5
	android:name
		ADDED from AndroidManifest.xml:18:9
application
ADDED from AndroidManifest.xml:19:5
	android:label
		ADDED from AndroidManifest.xml:21:9
	android:allowBackup
		ADDED from AndroidManifest.xml:22:9
	android:icon
		ADDED from AndroidManifest.xml:23:9
	android:theme
		ADDED from AndroidManifest.xml:24:9
	android:name
		ADDED from AndroidManifest.xml:20:9
receiver#broadcast.ScannerReceiver
ADDED from AndroidManifest.xml:25:9
	android:name
		ADDED from AndroidManifest.xml:25:19
intent-filter#com.biometrac.screentest.ScanningActivity.USB_PERMISSION
ADDED from AndroidManifest.xml:26:13
action#com.biometrac.screentest.ScanningActivity.USB_PERMISSION
ADDED from AndroidManifest.xml:27:17
	android:name
		ADDED from AndroidManifest.xml:27:25
receiver#broadcast.USBReceiver
ADDED from AndroidManifest.xml:30:9
	android:name
		ADDED from AndroidManifest.xml:30:19
intent-filter#android.hardware.usb.action.USB_DEVICE_ATTACHED+android.hardware.usb.action.USB_DEVICE_DETACHED
ADDED from AndroidManifest.xml:31:13
action#android.hardware.usb.action.USB_DEVICE_ATTACHED
ADDED from AndroidManifest.xml:32:17
	android:name
		ADDED from AndroidManifest.xml:32:25
action#android.hardware.usb.action.USB_DEVICE_DETACHED
ADDED from AndroidManifest.xml:33:17
	android:name
		ADDED from AndroidManifest.xml:33:25
activity#com.openandid.core.IntentFilterTest
ADDED from AndroidManifest.xml:51:9
	android:label
		ADDED from AndroidManifest.xml:53:13
	android:name
		ADDED from AndroidManifest.xml:52:13
intent-filter#android.intent.action.View+android.intent.category.DEFAULT
ADDED from AndroidManifest.xml:54:13
action#android.intent.action.View
ADDED from AndroidManifest.xml:55:5
	android:name
		ADDED from AndroidManifest.xml:55:13
category#android.intent.category.DEFAULT
ADDED from AndroidManifest.xml:56:5
	android:name
		ADDED from AndroidManifest.xml:56:15
activity#com.openandid.core.TestEngine
ADDED from AndroidManifest.xml:59:9
	android:label
		ADDED from AndroidManifest.xml:61:13
	android:name
		ADDED from AndroidManifest.xml:60:13
intent-filter#android.intent.category.DEFAULT
ADDED from AndroidManifest.xml:62:13
activity#com.openandid.core.CCSyncActivity
ADDED from AndroidManifest.xml:66:3
	android:label
		ADDED from AndroidManifest.xml:68:13
	android:name
		ADDED from AndroidManifest.xml:67:13
activity#com.openandid.core.MainActivity
ADDED from AndroidManifest.xml:73:9
	android:label
		ADDED from AndroidManifest.xml:75:13
	android:name
		ADDED from AndroidManifest.xml:74:13
intent-filter#android.intent.action.MAIN+android.intent.category.LAUNCHER
ADDED from AndroidManifest.xml:76:13
action#android.intent.action.MAIN
ADDED from AndroidManifest.xml:77:17
	android:name
		ADDED from AndroidManifest.xml:77:25
category#android.intent.category.LAUNCHER
ADDED from AndroidManifest.xml:78:5
	android:name
		ADDED from AndroidManifest.xml:78:15
intent-filter#android.intent.category.DEFAULT+com.biometrac.core.SCAN
ADDED from AndroidManifest.xml:80:13
action#com.biometrac.core.SCAN
ADDED from AndroidManifest.xml:81:17
	android:name
		ADDED from AndroidManifest.xml:81:25
intent-filter#android.intent.category.DEFAULT+com.biometrac.core.ENROLL
ADDED from AndroidManifest.xml:84:13
action#com.biometrac.core.ENROLL
ADDED from AndroidManifest.xml:85:17
	android:name
		ADDED from AndroidManifest.xml:85:25
intent-filter#android.intent.category.DEFAULT+com.biometrac.core.IDENTIFY
ADDED from AndroidManifest.xml:88:13
action#com.biometrac.core.IDENTIFY
ADDED from AndroidManifest.xml:89:17
	android:name
		ADDED from AndroidManifest.xml:89:25
intent-filter#android.intent.category.DEFAULT+com.biometrac.core.PIPE
ADDED from AndroidManifest.xml:92:13
action#com.biometrac.core.PIPE
ADDED from AndroidManifest.xml:93:17
	android:name
		ADDED from AndroidManifest.xml:93:25
activity#com.openandid.core.PipeActivity
ADDED from AndroidManifest.xml:97:9
	android:screenOrientation
		ADDED from AndroidManifest.xml:100:13
	android:noHistory
		ADDED from AndroidManifest.xml:101:13
	android:label
		ADDED from AndroidManifest.xml:99:13
	android:name
		ADDED from AndroidManifest.xml:98:13
activity#com.openandid.core.CleanupActivity
ADDED from AndroidManifest.xml:107:9
	android:screenOrientation
		ADDED from AndroidManifest.xml:110:13
	android:noHistory
		ADDED from AndroidManifest.xml:111:13
	android:label
		ADDED from AndroidManifest.xml:109:13
	android:name
		ADDED from AndroidManifest.xml:108:13
activity#com.openandid.core.ScanningActivity
ADDED from AndroidManifest.xml:117:3
	android:noHistory
		ADDED from AndroidManifest.xml:120:13
	android:label
		ADDED from AndroidManifest.xml:119:13
	android:configChanges
		ADDED from AndroidManifest.xml:121:13
	android:name
		ADDED from AndroidManifest.xml:118:13
activity#com.openandid.core.EnrollActivity
ADDED from AndroidManifest.xml:133:3
	android:screenOrientation
		ADDED from AndroidManifest.xml:136:13
	android:label
		ADDED from AndroidManifest.xml:135:13
	android:name
		ADDED from AndroidManifest.xml:134:13
activity#com.openandid.core.IdentifyActivity
ADDED from AndroidManifest.xml:138:3
	android:screenOrientation
		ADDED from AndroidManifest.xml:141:13
	android:label
		ADDED from AndroidManifest.xml:140:13
	android:name
		ADDED from AndroidManifest.xml:139:13
service#com.openandid.core.PersistenceService
ADDED from AndroidManifest.xml:143:3
	android:name
		ADDED from AndroidManifest.xml:143:12
service#com.openandid.core.CommCareSyncService
ADDED from AndroidManifest.xml:144:3
	android:name
		ADDED from AndroidManifest.xml:144:12
service#com.openandid.core.NotificationReceiver
ADDED from AndroidManifest.xml:145:3
	android:name
		ADDED from AndroidManifest.xml:145:12